# JRE version: OpenJDK Runtime Environment (8.0_302-b08) (build 1.8.0_302-b08)
# Java VM: OpenJDK 64-Bit Server VM (25.302-b08 mixed mode windows-amd64 compressed oops)
Heap:
 PSYoungGen      total 261632K, used 93814K [0x000000076bb80000, 0x0000000780e80000, 0x00000007c0000000)
  eden space 247296K, 37% used [0x000000076bb80000,0x000000077171db38,0x000000077ad00000)
  from space 14336K, 0% used [0x000000077ad00000,0x000000077ad00000,0x000000077bb00000)
  to   space 17920K, 0% used [0x000000077fd00000,0x000000077fd00000,0x0000000780e80000)
 ParOldGen       total 215552K, used 30673K [0x00000006c3200000, 0x00000006d0480000, 0x000000076bb80000)
  object space 215552K, 14% used [0x00000006c3200000,0x00000006c4ff4700,0x00000006d0480000)
 Metaspace       used 60047K, capacity 64456K, committed 64640K, reserved 1105920K
  class space    used 7834K, capacity 8568K, committed 8576K, reserved 1048576K
GC Heap History (10 events):
Event: 2.645 GC heap before
{Heap before GC invocations=8 (full 2):
 PSYoungGen      total 182272K, used 12026K [0x000000076bb80000, 0x0000000779a00000, 0x00000007c0000000)
  eden space 168960K, 0% used [0x000000076bb80000,0x000000076bb80000,0x0000000776080000)
  from space 13312K, 90% used [0x0000000776e80000,0x0000000777a3ea38,0x0000000777b80000)
  to   space 14336K, 0% used [0x0000000776080000,0x0000000776080000,0x0000000776e80000)
 ParOldGen       total 96256K, used 8872K [0x00000006c3200000, 0x00000006c9000000, 0x000000076bb80000)
  object space 96256K, 9% used [0x00000006c3200000,0x00000006c3aaa380,0x00000006c9000000)
 Metaspace       used 33922K, capacity 35440K, committed 35456K, reserved 1079296K
  class space    used 4447K, capacity 4732K, committed 4736K, reserved 1048576K
Event: 2.672 GC heap after
Heap after GC invocations=8 (full 2):
 PSYoungGen      total 182272K, used 0K [0x000000076bb80000, 0x0000000779a00000, 0x00000007c0000000)
  eden space 168960K, 0% used [0x000000076bb80000,0x000000076bb80000,0x0000000776080000)
  from space 13312K, 0% used [0x0000000776e80000,0x0000000776e80000,0x0000000777b80000)
  to   space 14336K, 0% used [0x0000000776080000,0x0000000776080000,0x0000000776e80000)
 ParOldGen       total 150016K, used 16847K [0x00000006c3200000, 0x00000006cc480000, 0x000000076bb80000)
  object space 150016K, 11% used [0x00000006c3200000,0x00000006c4273cf8,0x00000006cc480000)
 Metaspace       used 33922K, capacity 35440K, committed 35456K, reserved 1079296K
  class space    used 4447K, capacity 4732K, committed 4736K, reserved 1048576K
}
Event: 3.908 GC heap before
{Heap before GC invocations=9 (full 2):
 PSYoungGen      total 182272K, used 168960K [0x000000076bb80000, 0x0000000779a00000, 0x00000007c0000000)
  eden space 168960K, 100% used [0x000000076bb80000,0x0000000776080000,0x0000000776080000)
  from space 13312K, 0% used [0x0000000776e80000,0x0000000776e80000,0x0000000777b80000)
  to   space 14336K, 0% used [0x0000000776080000,0x0000000776080000,0x0000000776e80000)
 ParOldGen       total 150016K, used 16847K [0x00000006c3200000, 0x00000006cc480000, 0x000000076bb80000)
  object space 150016K, 11% used [0x00000006c3200000,0x00000006c4273cf8,0x00000006cc480000)
 Metaspace       used 44229K, capacity 46596K, committed 46720K, reserved 1089536K
  class space    used 5761K, capacity 6196K, committed 6272K, reserved 1048576K
Event: 3.915 GC heap after
Heap after GC invocations=9 (full 2):
 PSYoungGen      total 183296K, used 10414K [0x000000076bb80000, 0x000000077cb80000, 0x00000007c0000000)
  eden space 168960K, 0% used [0x000000076bb80000,0x000000076bb80000,0x0000000776080000)
  from space 14336K, 72% used [0x0000000776080000,0x0000000776aaba78,0x0000000776e80000)
  to   space 14336K, 0% used [0x000000077bd80000,0x000000077bd80000,0x000000077cb80000)
 ParOldGen       total 150016K, used 16919K [0x00000006c3200000, 0x00000006cc480000, 0x000000076bb80000)
  object space 150016K, 11% used [0x00000006c3200000,0x00000006c4285d08,0x00000006cc480000)
 Metaspace       used 44229K, capacity 46596K, committed 46720K, reserved 1089536K
  class space    used 5761K, capacity 6196K, committed 6272K, reserved 1048576K
}
Event: 4.901 GC heap before
{Heap before GC invocations=10 (full 2):
 PSYoungGen      total 183296K, used 179374K [0x000000076bb80000, 0x000000077cb80000, 0x00000007c0000000)
  eden space 168960K, 100% used [0x000000076bb80000,0x0000000776080000,0x0000000776080000)
  from space 14336K, 72% used [0x0000000776080000,0x0000000776aaba78,0x0000000776e80000)
  to   space 14336K, 0% used [0x000000077bd80000,0x000000077bd80000,0x000000077cb80000)
 ParOldGen       total 150016K, used 16919K [0x00000006c3200000, 0x00000006cc480000, 0x000000076bb80000)
  object space 150016K, 11% used [0x00000006c3200000,0x00000006c4285d08,0x00000006cc480000)
 Metaspace       used 49025K, capacity 51670K, committed 51968K, reserved 1093632K
  class space    used 6339K, capacity 6803K, committed 6912K, reserved 1048576K
Event: 4.908 GC heap after
Heap after GC invocations=10 (full 2):
 PSYoungGen      total 255488K, used 11563K [0x000000076bb80000, 0x000000077c900000, 0x00000007c0000000)
  eden space 243712K, 0% used [0x000000076bb80000,0x000000076bb80000,0x000000077a980000)
  from space 11776K, 98% used [0x000000077bd80000,0x000000077c8cadb8,0x000000077c900000)
  to   space 14336K, 0% used [0x000000077ad00000,0x000000077ad00000,0x000000077bb00000)
 ParOldGen       total 150016K, used 16927K [0x00000006c3200000, 0x00000006cc480000, 0x000000076bb80000)
  object space 150016K, 11% used [0x00000006c3200000,0x00000006c4287d08,0x00000006cc480000)
 Metaspace       used 49025K, capacity 51670K, committed 51968K, reserved 1093632K
  class space    used 6339K, capacity 6803K, committed 6912K, reserved 1048576K
}
Event: 5.824 GC heap before
{Heap before GC invocations=11 (full 2):
 PSYoungGen      total 255488K, used 152625K [0x000000076bb80000, 0x000000077c900000, 0x00000007c0000000)
  eden space 243712K, 57% used [0x000000076bb80000,0x0000000774541a00,0x000000077a980000)
  from space 11776K, 98% used [0x000000077bd80000,0x000000077c8cadb8,0x000000077c900000)
  to   space 14336K, 0% used [0x000000077ad00000,0x000000077ad00000,0x000000077bb00000)
 ParOldGen       total 150016K, used 16927K [0x00000006c3200000, 0x00000006cc480000, 0x000000076bb80000)
  object space 150016K, 11% used [0x00000006c3200000,0x00000006c4287d08,0x00000006cc480000)
 Metaspace       used 55854K, capacity 58966K, committed 59096K, reserved 1101824K
  class space    used 7188K, capacity 7745K, committed 7808K, reserved 1048576K
Event: 5.841 GC heap after
Heap after GC invocations=11 (full 2):
 PSYoungGen      total 261632K, used 14309K [0x000000076bb80000, 0x0000000780e80000, 0x00000007c0000000)
  eden space 247296K, 0% used [0x000000076bb80000,0x000000076bb80000,0x000000077ad00000)
  from space 14336K, 99% used [0x000000077ad00000,0x000000077baf9738,0x000000077bb00000)
  to   space 17920K, 0% used [0x000000077fd00000,0x000000077fd00000,0x0000000780e80000)
 ParOldGen       total 150016K, used 21795K [0x00000006c3200000, 0x00000006cc480000, 0x000000076bb80000)
  object space 150016K, 14% used [0x00000006c3200000,0x00000006c4748f28,0x00000006cc480000)
 Metaspace       used 55854K, capacity 58966K, committed 59096K, reserved 1101824K
  class space    used 7188K, capacity 7745K, committed 7808K, reserved 1048576K
}
Event: 5.841 GC heap before
{Heap before GC invocations=12 (full 3):
 PSYoungGen      total 261632K, used 14309K [0x000000076bb80000, 0x0000000780e80000, 0x00000007c0000000)
  eden space 247296K, 0% used [0x000000076bb80000,0x000000076bb80000,0x000000077ad00000)
  from space 14336K, 99% used [0x000000077ad00000,0x000000077baf9738,0x000000077bb00000)
  to   space 17920K, 0% used [0x000000077fd00000,0x000000077fd00000,0x0000000780e80000)
 ParOldGen       total 150016K, used 21795K [0x00000006c3200000, 0x00000006cc480000, 0x000000076bb80000)
  object space 150016K, 14% used [0x00000006c3200000,0x00000006c4748f28,0x00000006cc480000)
 Metaspace       used 55854K, capacity 58966K, committed 59096K, reserved 1101824K
  class space    used 7188K, capacity 7745K, committed 7808K, reserved 1048576K
Event: 5.971 GC heap after
Heap after GC invocations=12 (full 3):
 PSYoungGen      total 261632K, used 0K [0x000000076bb80000, 0x0000000780e80000, 0x00000007c0000000)
  eden space 247296K, 0% used [0x000000076bb80000,0x000000076bb80000,0x000000077ad00000)
  from space 14336K, 0% used [0x000000077ad00000,0x000000077ad00000,0x000000077bb00000)
  to   space 17920K, 0% used [0x000000077fd00000,0x000000077fd00000,0x0000000780e80000)
 ParOldGen       total 215552K, used 30673K [0x00000006c3200000, 0x00000006d0480000, 0x000000076bb80000)
  object space 215552K, 14% used [0x00000006c3200000,0x00000006c4ff4700,0x00000006d0480000)
 Metaspace       used 55854K, capacity 58966K, committed 59096K, reserved 1101824K
  class space    used 7188K, capacity 7745K, committed 7808K, reserved 1048576K
}

